Started GET "/" for ::1 at 2022-08-08 18:15:21 +0100
  [1m[35m (0.9ms)[0m  [1m[34mSELECT sqlite_version(*)[0m
Processing by Rails::WelcomeController#index as HTML
  Rendering /Users/amandineeap/.rvm/gems/ruby-3.0.0/gems/railties-7.0.3.1/lib/rails/templates/rails/welcome/index.html.erb
  Rendered /Users/amandineeap/.rvm/gems/ruby-3.0.0/gems/railties-7.0.3.1/lib/rails/templates/rails/welcome/index.html.erb (Duration: 2.8ms | Allocations: 751)
Completed 200 OK in 16ms (Views: 6.2ms | ActiveRecord: 0.0ms | Allocations: 7123)


Started GET "/" for ::1 at 2022-08-08 18:18:33 +0100
Processing by ArticlesController#index as HTML
  Rendering layout layouts/application.html.erb
  Rendering articles/index.html.erb within layouts/application
  Rendered articles/index.html.erb within layouts/application (Duration: 0.4ms | Allocations: 123)
  Rendered layout layouts/application.html.erb (Duration: 542.7ms | Allocations: 97304)
Completed 200 OK in 545ms (Views: 543.8ms | Allocations: 98424)


Started GET "/" for ::1 at 2022-08-08 18:22:01 +0100
  [1m[35m (0.1ms)[0m  [1m[34mSELECT sqlite_version(*)[0m
  [1m[35m (1.2ms)[0m  [1m[35mCREATE TABLE "schema_migrations" ("version" varchar NOT NULL PRIMARY KEY)[0m
  [1m[35m (0.6ms)[0m  [1m[35mCREATE TABLE "ar_internal_metadata" ("key" varchar NOT NULL PRIMARY KEY, "value" varchar, "created_at" datetime(6) NOT NULL, "updated_at" datetime(6) NOT NULL)[0m
  [1m[36mActiveRecord::SchemaMigration Pluck (0.1ms)[0m  [1m[34mSELECT "schema_migrations"."version" FROM "schema_migrations" ORDER BY "schema_migrations"."version" ASC[0m
  
ActiveRecord::PendingMigrationError (

Migrations are pending. To resolve this issue, run:

        bin/rails db:migrate RAILS_ENV=development

You have 1 pending migration:

20220808172118_create_articles.rb


):
  
activerecord (7.0.3.1) lib/active_record/migration.rb:627:in `check_pending!'
activerecord (7.0.3.1) lib/active_record/migration.rb:592:in `block (2 levels) in call'
activesupport (7.0.3.1) lib/active_support/file_update_checker.rb:83:in `execute'
activesupport (7.0.3.1) lib/active_support/file_update_checker.rb:93:in `execute_if_updated'
activerecord (7.0.3.1) lib/active_record/migration.rb:599:in `block in call'
activerecord (7.0.3.1) lib/active_record/migration.rb:589:in `synchronize'
activerecord (7.0.3.1) lib/active_record/migration.rb:589:in `call'
actionpack (7.0.3.1) lib/action_dispatch/middleware/callbacks.rb:27:in `block in call'
activesupport (7.0.3.1) lib/active_support/callbacks.rb:99:in `run_callbacks'
actionpack (7.0.3.1) lib/action_dispatch/middleware/callbacks.rb:26:in `call'
actionpack (7.0.3.1) lib/action_dispatch/middleware/executor.rb:14:in `call'
actionpack (7.0.3.1) lib/action_dispatch/middleware/actionable_exceptions.rb:17:in `call'
actionpack (7.0.3.1) lib/action_dispatch/middleware/debug_exceptions.rb:28:in `call'
web-console (4.2.0) lib/web_console/middleware.rb:132:in `call_app'
web-console (4.2.0) lib/web_console/middleware.rb:28:in `block in call'
web-console (4.2.0) lib/web_console/middleware.rb:17:in `catch'
web-console (4.2.0) lib/web_console/middleware.rb:17:in `call'
actionpack (7.0.3.1) lib/action_dispatch/middleware/show_exceptions.rb:26:in `call'
railties (7.0.3.1) lib/rails/rack/logger.rb:40:in `call_app'
railties (7.0.3.1) lib/rails/rack/logger.rb:25:in `block in call'
activesupport (7.0.3.1) lib/active_support/tagged_logging.rb:114:in `block in tagged'
activesupport (7.0.3.1) lib/active_support/tagged_logging.rb:38:in `tagged'
activesupport (7.0.3.1) lib/active_support/tagged_logging.rb:114:in `tagged'
railties (7.0.3.1) lib/rails/rack/logger.rb:25:in `call'
sprockets-rails (3.4.2) lib/sprockets/rails/quiet_assets.rb:13:in `call'
actionpack (7.0.3.1) lib/action_dispatch/middleware/remote_ip.rb:93:in `call'
actionpack (7.0.3.1) lib/action_dispatch/middleware/request_id.rb:26:in `call'
rack (2.2.4) lib/rack/method_override.rb:24:in `call'
rack (2.2.4) lib/rack/runtime.rb:22:in `call'
activesupport (7.0.3.1) lib/active_support/cache/strategy/local_cache_middleware.rb:29:in `call'
actionpack (7.0.3.1) lib/action_dispatch/middleware/server_timing.rb:20:in `call'
actionpack (7.0.3.1) lib/action_dispatch/middleware/executor.rb:14:in `call'
actionpack (7.0.3.1) lib/action_dispatch/middleware/static.rb:23:in `call'
rack (2.2.4) lib/rack/sendfile.rb:110:in `call'
actionpack (7.0.3.1) lib/action_dispatch/middleware/host_authorization.rb:137:in `call'
railties (7.0.3.1) lib/rails/engine.rb:530:in `call'
puma (5.6.4) lib/puma/configuration.rb:252:in `call'
puma (5.6.4) lib/puma/request.rb:77:in `block in handle_request'
puma (5.6.4) lib/puma/thread_pool.rb:340:in `with_force_shutdown'
puma (5.6.4) lib/puma/request.rb:76:in `handle_request'
puma (5.6.4) lib/puma/server.rb:441:in `process_client'
puma (5.6.4) lib/puma/thread_pool.rb:147:in `block in spawn_thread'
  [1m[35m (0.4ms)[0m  [1m[34mSELECT sqlite_version(*)[0m
  [1m[36mActiveRecord::SchemaMigration Pluck (0.0ms)[0m  [1m[34mSELECT "schema_migrations"."version" FROM "schema_migrations" ORDER BY "schema_migrations"."version" ASC[0m
Migrating to CreateArticles (20220808172118)
  [1m[36mTRANSACTION (0.0ms)[0m  [1m[36mbegin transaction[0m
  [1m[35m (0.2ms)[0m  [1m[35mCREATE TABLE "articles" ("id" integer PRIMARY KEY AUTOINCREMENT NOT NULL, "title" varchar, "body" text, "created_at" datetime(6) NOT NULL, "updated_at" datetime(6) NOT NULL)[0m
  [1m[36mActiveRecord::SchemaMigration Create (0.1ms)[0m  [1m[32mINSERT INTO "schema_migrations" ("version") VALUES (?)[0m  [["version", "20220808172118"]]
  [1m[36mTRANSACTION (0.4ms)[0m  [1m[36mcommit transaction[0m
  [1m[36mActiveRecord::InternalMetadata Load (0.1ms)[0m  [1m[34mSELECT "ar_internal_metadata".* FROM "ar_internal_metadata" WHERE "ar_internal_metadata"."key" = ? LIMIT ?[0m  [["key", "environment"], ["LIMIT", 1]]
  [1m[36mTRANSACTION (0.0ms)[0m  [1m[36mbegin transaction[0m
  [1m[36mActiveRecord::InternalMetadata Create (0.2ms)[0m  [1m[32mINSERT INTO "ar_internal_metadata" ("key", "value", "created_at", "updated_at") VALUES (?, ?, ?, ?)[0m  [["key", "environment"], ["value", "development"], ["created_at", "2022-08-08 17:22:27.214754"], ["updated_at", "2022-08-08 17:22:27.214754"]]
  [1m[36mTRANSACTION (0.3ms)[0m  [1m[36mcommit transaction[0m
  [1m[35m (0.0ms)[0m  [1m[34mSELECT sqlite_version(*)[0m
  [1m[36mActiveRecord::SchemaMigration Pluck (0.0ms)[0m  [1m[34mSELECT "schema_migrations"."version" FROM "schema_migrations" ORDER BY "schema_migrations"."version" ASC[0m
  [1m[35m (0.5ms)[0m  [1m[34mSELECT sqlite_version(*)[0m
  [1m[36mTRANSACTION (0.1ms)[0m  [1m[36mbegin transaction[0m
  [1m[36mArticle Create (0.8ms)[0m  [1m[32mINSERT INTO "articles" ("title", "body", "created_at", "updated_at") VALUES (?, ?, ?, ?)[0m  [["title", "Hello Rails"], ["body", "I am on Rails!"], ["created_at", "2022-08-08 17:23:59.974903"], ["updated_at", "2022-08-08 17:23:59.974903"]]
  [1m[36mTRANSACTION (1.6ms)[0m  [1m[36mcommit transaction[0m
  [1m[36mArticle Load (0.2ms)[0m  [1m[34mSELECT "articles".* FROM "articles" WHERE "articles"."id" = ? LIMIT ?[0m  [["id", 1], ["LIMIT", 1]]
  [1m[36mArticle Load (0.5ms)[0m  [1m[34mSELECT "articles".* FROM "articles"[0m
Started GET "/" for ::1 at 2022-08-08 18:25:10 +0100
  [1m[35m (0.1ms)[0m  [1m[34mSELECT sqlite_version(*)[0m
  [1m[36mActiveRecord::SchemaMigration Pluck (0.1ms)[0m  [1m[34mSELECT "schema_migrations"."version" FROM "schema_migrations" ORDER BY "schema_migrations"."version" ASC[0m
Processing by ArticlesController#index as HTML
  Rendering layout layouts/application.html.erb
  Rendering articles/index.html.erb within layouts/application
  [1m[36mArticle Load (0.1ms)[0m  [1m[34mSELECT "articles".* FROM "articles"[0m
  ↳ app/views/articles/index.html.erb:4
  Rendered articles/index.html.erb within layouts/application (Duration: 8.8ms | Allocations: 5383)
  Rendered layout layouts/application.html.erb (Duration: 17.6ms | Allocations: 19821)
Completed 200 OK in 21ms (Views: 18.6ms | ActiveRecord: 0.4ms | Allocations: 21493)


Started GET "/articles" for ::1 at 2022-08-08 18:26:06 +0100
Processing by ArticlesController#index as HTML
  Rendering layout layouts/application.html.erb
  Rendering articles/index.html.erb within layouts/application
  [1m[35m (0.0ms)[0m  [1m[34mSELECT sqlite_version(*)[0m
  ↳ app/views/articles/index.html.erb:4
  [1m[36mArticle Load (0.1ms)[0m  [1m[34mSELECT "articles".* FROM "articles"[0m
  ↳ app/views/articles/index.html.erb:4
  Rendered articles/index.html.erb within layouts/application (Duration: 3.7ms | Allocations: 2726)
  Rendered layout layouts/application.html.erb (Duration: 13.7ms | Allocations: 17094)
Completed 200 OK in 18ms (Views: 15.9ms | ActiveRecord: 0.6ms | Allocations: 18724)


Started GET "/articles/1" for ::1 at 2022-08-08 18:26:08 +0100
Processing by ArticlesController#show as HTML
  Parameters: {"id"=>"1"}
  [1m[36mArticle Load (0.3ms)[0m  [1m[34mSELECT "articles".* FROM "articles" WHERE "articles"."id" = ? LIMIT ?[0m  [["id", 1], ["LIMIT", 1]]
  ↳ app/controllers/articles_controller.rb:7:in `show'
  Rendering layout layouts/application.html.erb
  Rendering articles/show.html.erb within layouts/application
  Rendered articles/show.html.erb within layouts/application (Duration: 0.9ms | Allocations: 160)
  Rendered layout layouts/application.html.erb (Duration: 4.8ms | Allocations: 2533)
Completed 200 OK in 14ms (Views: 5.7ms | ActiveRecord: 0.3ms | Allocations: 5265)


Started GET "/articles/1" for ::1 at 2022-08-08 18:27:19 +0100
Processing by ArticlesController#show as HTML
  Parameters: {"id"=>"1"}
  [1m[35m (0.1ms)[0m  [1m[34mSELECT sqlite_version(*)[0m
  ↳ app/controllers/articles_controller.rb:7:in `show'
  [1m[36mArticle Load (0.1ms)[0m  [1m[34mSELECT "articles".* FROM "articles" WHERE "articles"."id" = ? LIMIT ?[0m  [["id", 1], ["LIMIT", 1]]
  ↳ app/controllers/articles_controller.rb:7:in `show'
  Rendering layout layouts/application.html.erb
  Rendering articles/show.html.erb within layouts/application
  Rendered articles/show.html.erb within layouts/application (Duration: 0.4ms | Allocations: 163)
  Rendered layout layouts/application.html.erb (Duration: 8.8ms | Allocations: 14493)
Completed 200 OK in 17ms (Views: 10.1ms | ActiveRecord: 0.8ms | Allocations: 18969)


Started GET "/articles/" for ::1 at 2022-08-08 18:27:21 +0100
Processing by ArticlesController#index as HTML
  Rendering layout layouts/application.html.erb
  Rendering articles/index.html.erb within layouts/application
  [1m[36mArticle Load (0.3ms)[0m  [1m[34mSELECT "articles".* FROM "articles"[0m
  ↳ app/views/articles/index.html.erb:4
  Rendered articles/index.html.erb within layouts/application (Duration: 2.8ms | Allocations: 858)
  Rendered layout layouts/application.html.erb (Duration: 6.9ms | Allocations: 3245)
Completed 200 OK in 10ms (Views: 7.4ms | ActiveRecord: 0.3ms | Allocations: 3633)


Started GET "/articles/1" for ::1 at 2022-08-08 18:27:23 +0100
Processing by ArticlesController#show as HTML
  Parameters: {"id"=>"1"}
  [1m[36mArticle Load (0.2ms)[0m  [1m[34mSELECT "articles".* FROM "articles" WHERE "articles"."id" = ? LIMIT ?[0m  [["id", 1], ["LIMIT", 1]]
  ↳ app/controllers/articles_controller.rb:7:in `show'
  Rendering layout layouts/application.html.erb
  Rendering articles/show.html.erb within layouts/application
  Rendered articles/show.html.erb within layouts/application (Duration: 0.1ms | Allocations: 19)
  Rendered layout layouts/application.html.erb (Duration: 4.3ms | Allocations: 2394)
Completed 200 OK in 11ms (Views: 5.1ms | ActiveRecord: 0.2ms | Allocations: 3165)


Started GET "/articles/1" for ::1 at 2022-08-08 18:27:54 +0100
Processing by ArticlesController#show as HTML
  Parameters: {"id"=>"1"}
  [1m[36mArticle Load (0.4ms)[0m  [1m[34mSELECT "articles".* FROM "articles" WHERE "articles"."id" = ? LIMIT ?[0m  [["id", 1], ["LIMIT", 1]]
  ↳ app/controllers/articles_controller.rb:7:in `show'
  Rendering layout layouts/application.html.erb
  Rendering articles/show.html.erb within layouts/application
  Rendered articles/show.html.erb within layouts/application (Duration: 0.5ms | Allocations: 158)
  Rendered layout layouts/application.html.erb (Duration: 4.8ms | Allocations: 2832)
Completed 200 OK in 11ms (Views: 6.7ms | ActiveRecord: 0.4ms | Allocations: 4329)


Started GET "/articles" for ::1 at 2022-08-08 18:27:56 +0100
Processing by ArticlesController#index as HTML
  Rendering layout layouts/application.html.erb
  Rendering articles/index.html.erb within layouts/application
  [1m[36mArticle Load (0.2ms)[0m  [1m[34mSELECT "articles".* FROM "articles"[0m
  ↳ app/views/articles/index.html.erb:4
  Rendered articles/index.html.erb within layouts/application (Duration: 2.5ms | Allocations: 807)
  Rendered layout layouts/application.html.erb (Duration: 5.9ms | Allocations: 3201)
Completed 200 OK in 8ms (Views: 6.4ms | ActiveRecord: 0.2ms | Allocations: 3588)


Started GET "/articles" for ::1 at 2022-08-08 18:27:57 +0100
Processing by ArticlesController#index as HTML
  Rendering layout layouts/application.html.erb
  Rendering articles/index.html.erb within layouts/application
  [1m[36mArticle Load (0.2ms)[0m  [1m[34mSELECT "articles".* FROM "articles"[0m
  ↳ app/views/articles/index.html.erb:4
  Rendered articles/index.html.erb within layouts/application (Duration: 1.5ms | Allocations: 585)
  Rendered layout layouts/application.html.erb (Duration: 4.8ms | Allocations: 2975)
Completed 200 OK in 6ms (Views: 5.3ms | ActiveRecord: 0.2ms | Allocations: 3305)


Started GET "/articles/1" for ::1 at 2022-08-08 18:27:58 +0100
Processing by ArticlesController#show as HTML
  Parameters: {"id"=>"1"}
  [1m[36mArticle Load (0.3ms)[0m  [1m[34mSELECT "articles".* FROM "articles" WHERE "articles"."id" = ? LIMIT ?[0m  [["id", 1], ["LIMIT", 1]]
  ↳ app/controllers/articles_controller.rb:7:in `show'
  Rendering layout layouts/application.html.erb
  Rendering articles/show.html.erb within layouts/application
  Rendered articles/show.html.erb within layouts/application (Duration: 0.2ms | Allocations: 19)
  Rendered layout layouts/application.html.erb (Duration: 3.3ms | Allocations: 2390)
Completed 200 OK in 12ms (Views: 4.0ms | ActiveRecord: 0.3ms | Allocations: 3161)


Started GET "/articles/new" for ::1 at 2022-08-08 18:28:43 +0100
Processing by ArticlesController#new as HTML
  [1m[35m (0.0ms)[0m  [1m[34mSELECT sqlite_version(*)[0m
  ↳ app/controllers/articles_controller.rb:11:in `new'
  Rendering layout layouts/application.html.erb
  Rendering articles/new.html.erb within layouts/application
  Rendered articles/new.html.erb within layouts/application (Duration: 13.8ms | Allocations: 5475)
  Rendered layout layouts/application.html.erb (Duration: 21.8ms | Allocations: 19704)
Completed 200 OK in 27ms (Views: 23.2ms | ActiveRecord: 0.5ms | Allocations: 23170)


Started GET "/articles/new" for ::1 at 2022-08-08 18:31:01 +0100
Processing by ArticlesController#new as HTML
  [1m[35m (0.0ms)[0m  [1m[34mSELECT sqlite_version(*)[0m
  ↳ app/controllers/articles_controller.rb:11:in `new'
  Rendering layout layouts/application.html.erb
  Rendering articles/new.html.erb within layouts/application
  Rendered articles/new.html.erb within layouts/application (Duration: 1.6ms | Allocations: 1445)
  Rendered layout layouts/application.html.erb (Duration: 10.3ms | Allocations: 15640)
Completed 200 OK in 16ms (Views: 11.4ms | ActiveRecord: 0.4ms | Allocations: 19350)


Started POST "/articles" for ::1 at 2022-08-08 18:31:02 +0100
Processing by ArticlesController#create as TURBO_STREAM
  Parameters: {"authenticity_token"=>"[FILTERED]", "article"=>{"title"=>"", "body"=>""}, "commit"=>"Create Article"}
  Rendering layout layouts/application.html.erb
  Rendering articles/new.html.erb within layouts/application
  Rendered articles/new.html.erb within layouts/application (Duration: 1.8ms | Allocations: 1954)
  Rendered layout layouts/application.html.erb (Duration: 4.1ms | Allocations: 4219)
Completed 422 Unprocessable Entity in 6ms (Views: 4.6ms | ActiveRecord: 0.0ms | Allocations: 5554)


Started POST "/articles" for ::1 at 2022-08-08 18:31:11 +0100
Processing by ArticlesController#create as TURBO_STREAM
  Parameters: {"authenticity_token"=>"[FILTERED]", "article"=>{"title"=>"", "body"=>"test"}, "commit"=>"Create Article"}
  Rendering layout layouts/application.html.erb
  Rendering articles/new.html.erb within layouts/application
  Rendered articles/new.html.erb within layouts/application (Duration: 2.8ms | Allocations: 1868)
  Rendered layout layouts/application.html.erb (Duration: 5.8ms | Allocations: 4133)
Completed 422 Unprocessable Entity in 9ms (Views: 6.5ms | ActiveRecord: 0.0ms | Allocations: 5167)


Started POST "/articles" for ::1 at 2022-08-08 18:31:20 +0100
Processing by ArticlesController#create as TURBO_STREAM
  Parameters: {"authenticity_token"=>"[FILTERED]", "article"=>{"title"=>"", "body"=>"..testtestest"}, "commit"=>"Create Article"}
  Rendering layout layouts/application.html.erb
  Rendering articles/new.html.erb within layouts/application
  Rendered articles/new.html.erb within layouts/application (Duration: 3.6ms | Allocations: 1868)
  Rendered layout layouts/application.html.erb (Duration: 6.8ms | Allocations: 4133)
Completed 422 Unprocessable Entity in 12ms (Views: 7.9ms | ActiveRecord: 0.0ms | Allocations: 5177)


Started GET "/articles/" for ::1 at 2022-08-08 18:31:47 +0100
Processing by ArticlesController#index as HTML
  Rendering layout layouts/application.html.erb
  Rendering articles/index.html.erb within layouts/application
  [1m[36mArticle Load (0.2ms)[0m  [1m[34mSELECT "articles".* FROM "articles"[0m
  ↳ app/views/articles/index.html.erb:4
  Rendered articles/index.html.erb within layouts/application (Duration: 1.7ms | Allocations: 924)
  Rendered layout layouts/application.html.erb (Duration: 4.5ms | Allocations: 3611)
Completed 200 OK in 8ms (Views: 5.8ms | ActiveRecord: 0.2ms | Allocations: 4693)


Started GET "/articles/new" for ::1 at 2022-08-08 18:31:49 +0100
Processing by ArticlesController#new as HTML
  Rendering layout layouts/application.html.erb
  Rendering articles/new.html.erb within layouts/application
  Rendered articles/new.html.erb within layouts/application (Duration: 3.1ms | Allocations: 1378)
  Rendered layout layouts/application.html.erb (Duration: 6.3ms | Allocations: 3597)
Completed 200 OK in 9ms (Views: 7.1ms | ActiveRecord: 0.0ms | Allocations: 3989)


Started POST "/articles" for ::1 at 2022-08-08 18:32:00 +0100
Processing by ArticlesController#create as TURBO_STREAM
  Parameters: {"authenticity_token"=>"[FILTERED]", "article"=>{"title"=>"Test", "body"=>"Test first submission of article"}, "commit"=>"Create Article"}
  Rendering layout layouts/application.html.erb
  Rendering articles/new.html.erb within layouts/application
  Rendered articles/new.html.erb within layouts/application (Duration: 4.0ms | Allocations: 1869)
  Rendered layout layouts/application.html.erb (Duration: 8.3ms | Allocations: 4140)
Completed 422 Unprocessable Entity in 15ms (Views: 10.5ms | ActiveRecord: 0.0ms | Allocations: 5215)


Started GET "/articles/" for ::1 at 2022-08-08 18:32:07 +0100
Processing by ArticlesController#index as HTML
  Rendering layout layouts/application.html.erb
  Rendering articles/index.html.erb within layouts/application
  [1m[36mArticle Load (0.2ms)[0m  [1m[34mSELECT "articles".* FROM "articles"[0m
  ↳ app/views/articles/index.html.erb:4
  Rendered articles/index.html.erb within layouts/application (Duration: 1.6ms | Allocations: 614)
  Rendered layout layouts/application.html.erb (Duration: 5.0ms | Allocations: 3006)
Completed 200 OK in 14ms (Views: 6.0ms | ActiveRecord: 0.2ms | Allocations: 3336)


Started GET "/articles/new" for ::1 at 2022-08-08 18:32:21 +0100
Processing by ArticlesController#new as HTML
  [1m[35m (0.0ms)[0m  [1m[34mSELECT sqlite_version(*)[0m
  ↳ app/controllers/articles_controller.rb:11:in `new'
  Rendering layout layouts/application.html.erb
  Rendering articles/new.html.erb within layouts/application
  Rendered articles/new.html.erb within layouts/application (Duration: 1.2ms | Allocations: 1079)
  Rendered layout layouts/application.html.erb (Duration: 8.1ms | Allocations: 15013)
Completed 200 OK in 14ms (Views: 9.0ms | ActiveRecord: 0.6ms | Allocations: 18315)


Started POST "/articles" for ::1 at 2022-08-08 18:32:28 +0100
Processing by ArticlesController#create as TURBO_STREAM
  Parameters: {"authenticity_token"=>"[FILTERED]", "article"=>{"title"=>"test", "body"=>"New article created"}, "commit"=>"Create Article"}
  [1m[36mTRANSACTION (0.1ms)[0m  [1m[36mbegin transaction[0m
  ↳ app/controllers/articles_controller.rb:17:in `create'
  [1m[36mArticle Create (0.6ms)[0m  [1m[32mINSERT INTO "articles" ("title", "body", "created_at", "updated_at") VALUES (?, ?, ?, ?)[0m  [["title", "..."], ["body", "..."], ["created_at", "2022-08-08 17:32:28.169078"], ["updated_at", "2022-08-08 17:32:28.169078"]]
  ↳ app/controllers/articles_controller.rb:17:in `create'
  [1m[36mTRANSACTION (0.8ms)[0m  [1m[36mcommit transaction[0m
  ↳ app/controllers/articles_controller.rb:17:in `create'
Redirected to http://localhost:3000/articles/2
Completed 302 Found in 7ms (ActiveRecord: 1.5ms | Allocations: 3002)


Started GET "/articles/2" for ::1 at 2022-08-08 18:32:28 +0100
Processing by ArticlesController#show as TURBO_STREAM
  Parameters: {"id"=>"2"}
  [1m[36mArticle Load (0.2ms)[0m  [1m[34mSELECT "articles".* FROM "articles" WHERE "articles"."id" = ? LIMIT ?[0m  [["id", 2], ["LIMIT", 1]]
  ↳ app/controllers/articles_controller.rb:7:in `show'
  Rendering layout layouts/application.html.erb
  Rendering articles/show.html.erb within layouts/application
  Rendered articles/show.html.erb within layouts/application (Duration: 0.5ms | Allocations: 158)
  Rendered layout layouts/application.html.erb (Duration: 8.3ms | Allocations: 2559)
Completed 200 OK in 11ms (Views: 8.8ms | ActiveRecord: 0.2ms | Allocations: 4036)


Started GET "/articles/" for ::1 at 2022-08-08 18:32:32 +0100
Processing by ArticlesController#index as HTML
  Rendering layout layouts/application.html.erb
  Rendering articles/index.html.erb within layouts/application
  [1m[36mArticle Load (0.2ms)[0m  [1m[34mSELECT "articles".* FROM "articles"[0m
  ↳ app/views/articles/index.html.erb:4
  Rendered articles/index.html.erb within layouts/application (Duration: 1.6ms | Allocations: 719)
  Rendered layout layouts/application.html.erb (Duration: 4.6ms | Allocations: 3110)
Completed 200 OK in 6ms (Views: 5.0ms | ActiveRecord: 0.2ms | Allocations: 3442)


Started GET "/articles/2" for ::1 at 2022-08-08 18:32:33 +0100
Processing by ArticlesController#show as HTML
  Parameters: {"id"=>"2"}
  [1m[36mArticle Load (0.2ms)[0m  [1m[34mSELECT "articles".* FROM "articles" WHERE "articles"."id" = ? LIMIT ?[0m  [["id", 2], ["LIMIT", 1]]
  ↳ app/controllers/articles_controller.rb:7:in `show'
  Rendering layout layouts/application.html.erb
  Rendering articles/show.html.erb within layouts/application
  Rendered articles/show.html.erb within layouts/application (Duration: 0.1ms | Allocations: 19)
  Rendered layout layouts/application.html.erb (Duration: 4.7ms | Allocations: 2394)
Completed 200 OK in 8ms (Views: 5.3ms | ActiveRecord: 0.2ms | Allocations: 3165)


Started GET "/articles/" for ::1 at 2022-08-08 18:32:35 +0100
Processing by ArticlesController#index as HTML
  Rendering layout layouts/application.html.erb
  Rendering articles/index.html.erb within layouts/application
  [1m[36mArticle Load (0.2ms)[0m  [1m[34mSELECT "articles".* FROM "articles"[0m
  ↳ app/views/articles/index.html.erb:4
  Rendered articles/index.html.erb within layouts/application (Duration: 1.4ms | Allocations: 659)
  Rendered layout layouts/application.html.erb (Duration: 3.8ms | Allocations: 3051)
Completed 200 OK in 5ms (Views: 4.0ms | ActiveRecord: 0.2ms | Allocations: 3381)


Started GET "/articles/new" for ::1 at 2022-08-08 18:33:26 +0100
Processing by ArticlesController#new as HTML
  [1m[35m (0.0ms)[0m  [1m[34mSELECT sqlite_version(*)[0m
  ↳ app/controllers/articles_controller.rb:11:in `new'
  Rendering layout layouts/application.html.erb
  Rendering articles/new.html.erb within layouts/application
  Rendered articles/new.html.erb within layouts/application (Duration: 1.3ms | Allocations: 1081)
  Rendered layout layouts/application.html.erb (Duration: 6.8ms | Allocations: 15086)
Completed 200 OK in 11ms (Views: 7.5ms | ActiveRecord: 0.4ms | Allocations: 18423)


Started POST "/articles" for ::1 at 2022-08-08 18:33:33 +0100
Processing by ArticlesController#create as TURBO_STREAM
  Parameters: {"authenticity_token"=>"[FILTERED]", "article"=>{"title"=>"test", "body"=>"woop woop test"}, "commit"=>"Create Article"}
  [1m[36mTRANSACTION (0.2ms)[0m  [1m[36mbegin transaction[0m
  ↳ app/controllers/articles_controller.rb:17:in `create'
  [1m[36mArticle Create (0.8ms)[0m  [1m[32mINSERT INTO "articles" ("title", "body", "created_at", "updated_at") VALUES (?, ?, ?, ?)[0m  [["title", "test"], ["body", "woop woop test"], ["created_at", "2022-08-08 17:33:33.119981"], ["updated_at", "2022-08-08 17:33:33.119981"]]
  ↳ app/controllers/articles_controller.rb:17:in `create'
  [1m[36mTRANSACTION (1.2ms)[0m  [1m[36mcommit transaction[0m
  ↳ app/controllers/articles_controller.rb:17:in `create'
Redirected to http://localhost:3000/articles/3
Completed 302 Found in 11ms (ActiveRecord: 2.2ms | Allocations: 2285)


Started GET "/articles/3" for ::1 at 2022-08-08 18:33:33 +0100
Processing by ArticlesController#show as TURBO_STREAM
  Parameters: {"id"=>"3"}
  [1m[36mArticle Load (0.2ms)[0m  [1m[34mSELECT "articles".* FROM "articles" WHERE "articles"."id" = ? LIMIT ?[0m  [["id", 3], ["LIMIT", 1]]
  ↳ app/controllers/articles_controller.rb:7:in `show'
  Rendering layout layouts/application.html.erb
  Rendering articles/show.html.erb within layouts/application
  Rendered articles/show.html.erb within layouts/application (Duration: 0.1ms | Allocations: 21)
  Rendered layout layouts/application.html.erb (Duration: 2.7ms | Allocations: 2410)
Completed 200 OK in 5ms (Views: 3.2ms | ActiveRecord: 0.2ms | Allocations: 3833)


Started GET "/articles/" for ::1 at 2022-08-08 18:33:35 +0100
Processing by ArticlesController#index as HTML
  Rendering layout layouts/application.html.erb
  Rendering articles/index.html.erb within layouts/application
  [1m[36mArticle Load (0.8ms)[0m  [1m[34mSELECT "articles".* FROM "articles"[0m
  ↳ app/views/articles/index.html.erb:4
  Rendered articles/index.html.erb within layouts/application (Duration: 3.8ms | Allocations: 766)
  Rendered layout layouts/application.html.erb (Duration: 7.7ms | Allocations: 3144)
Completed 200 OK in 11ms (Views: 8.2ms | ActiveRecord: 0.8ms | Allocations: 3476)


Started GET "/articles/new" for ::1 at 2022-08-08 18:35:24 +0100
Processing by ArticlesController#new as HTML
  [1m[35m (0.0ms)[0m  [1m[34mSELECT sqlite_version(*)[0m
  ↳ app/controllers/articles_controller.rb:11:in `new'
  Rendering layout layouts/application.html.erb
  Rendering articles/new.html.erb within layouts/application
  Rendered articles/_form.html.erb (Duration: 1.4ms | Allocations: 1413)
  Rendered articles/new.html.erb within layouts/application (Duration: 2.0ms | Allocations: 1677)
  Rendered layout layouts/application.html.erb (Duration: 8.2ms | Allocations: 15813)
Completed 200 OK in 13ms (Views: 9.2ms | ActiveRecord: 0.4ms | Allocations: 19380)


Started POST "/articles" for ::1 at 2022-08-08 18:35:31 +0100
Processing by ArticlesController#create as TURBO_STREAM
  Parameters: {"authenticity_token"=>"[FILTERED]", "article"=>{"title"=>"still working", "body"=>"woop woop"}, "commit"=>"Create Article"}
  [1m[36mTRANSACTION (0.1ms)[0m  [1m[36mbegin transaction[0m
  ↳ app/controllers/articles_controller.rb:17:in `create'
  [1m[36mArticle Create (0.9ms)[0m  [1m[32mINSERT INTO "articles" ("title", "body", "created_at", "updated_at") VALUES (?, ?, ?, ?)[0m  [["title", "still working"], ["body", "woop woop"], ["created_at", "2022-08-08 17:35:31.094660"], ["updated_at", "2022-08-08 17:35:31.094660"]]
  ↳ app/controllers/articles_controller.rb:17:in `create'
  [1m[36mTRANSACTION (0.8ms)[0m  [1m[36mcommit transaction[0m
  ↳ app/controllers/articles_controller.rb:17:in `create'
Redirected to http://localhost:3000/articles/4
Completed 302 Found in 8ms (ActiveRecord: 1.8ms | Allocations: 2240)


Started GET "/articles/4" for ::1 at 2022-08-08 18:35:31 +0100
Processing by ArticlesController#show as TURBO_STREAM
  Parameters: {"id"=>"4"}
  [1m[36mArticle Load (0.4ms)[0m  [1m[34mSELECT "articles".* FROM "articles" WHERE "articles"."id" = ? LIMIT ?[0m  [["id", 4], ["LIMIT", 1]]
  ↳ app/controllers/articles_controller.rb:7:in `show'
  Rendering layout layouts/application.html.erb
  Rendering articles/show.html.erb within layouts/application
  Rendered articles/show.html.erb within layouts/application (Duration: 0.8ms | Allocations: 156)
  Rendered layout layouts/application.html.erb (Duration: 4.5ms | Allocations: 2535)
Completed 200 OK in 9ms (Views: 5.0ms | ActiveRecord: 0.4ms | Allocations: 4060)


Started GET "/articles/" for ::1 at 2022-08-08 18:35:33 +0100
Processing by ArticlesController#index as HTML
  Rendering layout layouts/application.html.erb
  Rendering articles/index.html.erb within layouts/application
  [1m[36mArticle Load (0.3ms)[0m  [1m[34mSELECT "articles".* FROM "articles"[0m
  ↳ app/views/articles/index.html.erb:4
  Rendered articles/index.html.erb within layouts/application (Duration: 2.8ms | Allocations: 1011)
  Rendered layout layouts/application.html.erb (Duration: 5.9ms | Allocations: 3403)
Completed 200 OK in 10ms (Views: 6.2ms | ActiveRecord: 0.3ms | Allocations: 3791)


Started GET "/articles/1/edit" for ::1 at 2022-08-08 18:36:00 +0100
Processing by ArticlesController#edit as HTML
  Parameters: {"id"=>"1"}
  [1m[36mArticle Load (0.2ms)[0m  [1m[34mSELECT "articles".* FROM "articles" WHERE "articles"."id" = ? LIMIT ?[0m  [["id", 1], ["LIMIT", 1]]
  ↳ app/controllers/articles_controller.rb:25:in `edit'
  Rendering layout layouts/application.html.erb
  Rendering articles/edit.html.erb within layouts/application
  Rendered articles/_form.html.erb (Duration: 2.3ms | Allocations: 1475)
  Rendered articles/edit.html.erb within layouts/application (Duration: 3.4ms | Allocations: 1739)
  Rendered layout layouts/application.html.erb (Duration: 6.6ms | Allocations: 4231)
Completed 200 OK in 12ms (Views: 8.6ms | ActiveRecord: 0.2ms | Allocations: 5713)


Started PATCH "/articles/1" for ::1 at 2022-08-08 18:36:06 +0100
Processing by ArticlesController#update as TURBO_STREAM
  Parameters: {"authenticity_token"=>"[FILTERED]", "article"=>{"title"=>"Hello Rails updated", "body"=>"I am on Rails!"}, "commit"=>"Update Article", "id"=>"1"}
  [1m[36mArticle Load (0.2ms)[0m  [1m[34mSELECT "articles".* FROM "articles" WHERE "articles"."id" = ? LIMIT ?[0m  [["id", 1], ["LIMIT", 1]]
  ↳ app/controllers/articles_controller.rb:29:in `update'
  [1m[36mTRANSACTION (0.1ms)[0m  [1m[36mbegin transaction[0m
  ↳ app/controllers/articles_controller.rb:31:in `update'
  [1m[36mArticle Update (0.6ms)[0m  [1m[33mUPDATE "articles" SET "title" = ?, "updated_at" = ? WHERE "articles"."id" = ?[0m  [["title", "Hello Rails updated"], ["updated_at", "2022-08-08 17:36:06.155597"], ["id", 1]]
  ↳ app/controllers/articles_controller.rb:31:in `update'
  [1m[36mTRANSACTION (0.9ms)[0m  [1m[36mcommit transaction[0m
  ↳ app/controllers/articles_controller.rb:31:in `update'
Redirected to http://localhost:3000/articles/1
Completed 302 Found in 9ms (ActiveRecord: 1.8ms | Allocations: 2744)


Started GET "/articles/1" for ::1 at 2022-08-08 18:36:06 +0100
Processing by ArticlesController#show as TURBO_STREAM
  Parameters: {"id"=>"1"}
  [1m[36mArticle Load (0.2ms)[0m  [1m[34mSELECT "articles".* FROM "articles" WHERE "articles"."id" = ? LIMIT ?[0m  [["id", 1], ["LIMIT", 1]]
  ↳ app/controllers/articles_controller.rb:7:in `show'
  Rendering layout layouts/application.html.erb
  Rendering articles/show.html.erb within layouts/application
  Rendered articles/show.html.erb within layouts/application (Duration: 0.6ms | Allocations: 155)
  Rendered layout layouts/application.html.erb (Duration: 7.8ms | Allocations: 2554)
Completed 200 OK in 11ms (Views: 8.4ms | ActiveRecord: 0.2ms | Allocations: 3433)


Started GET "/articles/" for ::1 at 2022-08-08 18:36:08 +0100
Processing by ArticlesController#index as HTML
  Rendering layout layouts/application.html.erb
  Rendering articles/index.html.erb within layouts/application
  [1m[36mArticle Load (0.4ms)[0m  [1m[34mSELECT "articles".* FROM "articles"[0m
  ↳ app/views/articles/index.html.erb:4
  Rendered articles/index.html.erb within layouts/application (Duration: 4.6ms | Allocations: 965)
  Rendered layout layouts/application.html.erb (Duration: 15.6ms | Allocations: 3359)
Completed 200 OK in 17ms (Views: 15.6ms | ActiveRecord: 0.4ms | Allocations: 3745)


Started GET "/articles/1" for ::1 at 2022-08-08 18:36:39 +0100
Processing by ArticlesController#show as HTML
  Parameters: {"id"=>"1"}
  [1m[35m (0.0ms)[0m  [1m[34mSELECT sqlite_version(*)[0m
  ↳ app/controllers/articles_controller.rb:7:in `show'
  [1m[36mArticle Load (0.1ms)[0m  [1m[34mSELECT "articles".* FROM "articles" WHERE "articles"."id" = ? LIMIT ?[0m  [["id", 1], ["LIMIT", 1]]
  ↳ app/controllers/articles_controller.rb:7:in `show'
  Rendering layout layouts/application.html.erb
  Rendering articles/show.html.erb within layouts/application
  Rendered articles/show.html.erb within layouts/application (Duration: 0.6ms | Allocations: 348)
  Rendered layout layouts/application.html.erb (Duration: 6.8ms | Allocations: 14747)
Completed 200 OK in 13ms (Views: 8.1ms | ActiveRecord: 0.8ms | Allocations: 19355)


Started GET "/articles/1/edit" for ::1 at 2022-08-08 18:36:41 +0100
Processing by ArticlesController#edit as HTML
  Parameters: {"id"=>"1"}
  [1m[36mArticle Load (0.4ms)[0m  [1m[34mSELECT "articles".* FROM "articles" WHERE "articles"."id" = ? LIMIT ?[0m  [["id", 1], ["LIMIT", 1]]
  ↳ app/controllers/articles_controller.rb:25:in `edit'
  Rendering layout layouts/application.html.erb
  Rendering articles/edit.html.erb within layouts/application
  Rendered articles/_form.html.erb (Duration: 2.4ms | Allocations: 1455)
  Rendered articles/edit.html.erb within layouts/application (Duration: 3.4ms | Allocations: 1716)
  Rendered layout layouts/application.html.erb (Duration: 6.5ms | Allocations: 3931)
Completed 200 OK in 15ms (Views: 7.1ms | ActiveRecord: 0.4ms | Allocations: 4759)


Started GET "/articles/2" for ::1 at 2022-08-08 18:36:44 +0100
Processing by ArticlesController#show as HTML
  Parameters: {"id"=>"2"}
  [1m[36mArticle Load (0.2ms)[0m  [1m[34mSELECT "articles".* FROM "articles" WHERE "articles"."id" = ? LIMIT ?[0m  [["id", 2], ["LIMIT", 1]]
  ↳ app/controllers/articles_controller.rb:7:in `show'
  Rendering layout layouts/application.html.erb
  Rendering articles/show.html.erb within layouts/application
  Rendered articles/show.html.erb within layouts/application (Duration: 0.3ms | Allocations: 121)
  Rendered layout layouts/application.html.erb (Duration: 3.3ms | Allocations: 2509)
Completed 200 OK in 9ms (Views: 3.8ms | ActiveRecord: 0.2ms | Allocations: 3280)


Started DELETE "/articles/2" for ::1 at 2022-08-08 18:36:46 +0100
Processing by ArticlesController#destroy as TURBO_STREAM
  Parameters: {"id"=>"2"}
  [1m[36mArticle Load (0.4ms)[0m  [1m[34mSELECT "articles".* FROM "articles" WHERE "articles"."id" = ? LIMIT ?[0m  [["id", 2], ["LIMIT", 1]]
  ↳ app/controllers/articles_controller.rb:39:in `destroy'
  [1m[36mTRANSACTION (0.1ms)[0m  [1m[36mbegin transaction[0m
  ↳ app/controllers/articles_controller.rb:40:in `destroy'
  [1m[36mArticle Destroy (0.6ms)[0m  [1m[31mDELETE FROM "articles" WHERE "articles"."id" = ?[0m  [["id", 2]]
  ↳ app/controllers/articles_controller.rb:40:in `destroy'
  [1m[36mTRANSACTION (1.3ms)[0m  [1m[36mcommit transaction[0m
  ↳ app/controllers/articles_controller.rb:40:in `destroy'
Redirected to http://localhost:3000/
Completed 303 See Other in 11ms (ActiveRecord: 2.3ms | Allocations: 2255)


Started GET "/" for ::1 at 2022-08-08 18:36:46 +0100
Processing by ArticlesController#index as TURBO_STREAM
  Rendering layout layouts/application.html.erb
  Rendering articles/index.html.erb within layouts/application
  [1m[36mArticle Load (0.2ms)[0m  [1m[34mSELECT "articles".* FROM "articles"[0m
  ↳ app/views/articles/index.html.erb:4
  Rendered articles/index.html.erb within layouts/application (Duration: 1.6ms | Allocations: 954)
  Rendered layout layouts/application.html.erb (Duration: 3.7ms | Allocations: 3356)
Completed 200 OK in 5ms (Views: 4.0ms | ActiveRecord: 0.2ms | Allocations: 3797)


  [1m[35m (0.5ms)[0m  [1m[34mSELECT sqlite_version(*)[0m
  [1m[36mActiveRecord::SchemaMigration Pluck (0.1ms)[0m  [1m[34mSELECT "schema_migrations"."version" FROM "schema_migrations" ORDER BY "schema_migrations"."version" ASC[0m
Migrating to CreateComments (20220826105752)
  [1m[36mTRANSACTION (0.0ms)[0m  [1m[36mbegin transaction[0m
  [1m[35m (0.2ms)[0m  [1m[35mCREATE TABLE "comments" ("id" integer PRIMARY KEY AUTOINCREMENT NOT NULL, "commenter" varchar, "body" text, "article_id" integer NOT NULL, "created_at" datetime(6) NOT NULL, "updated_at" datetime(6) NOT NULL, CONSTRAINT "fk_rails_3bf61a60d3"
FOREIGN KEY ("article_id")
  REFERENCES "articles" ("id")
)[0m
  [1m[35m (0.0ms)[0m  [1m[35mCREATE INDEX "index_comments_on_article_id" ON "comments" ("article_id")[0m
  [1m[36mActiveRecord::SchemaMigration Create (0.1ms)[0m  [1m[32mINSERT INTO "schema_migrations" ("version") VALUES (?)[0m  [["version", "20220826105752"]]
  [1m[36mTRANSACTION (0.6ms)[0m  [1m[36mcommit transaction[0m
  [1m[36mActiveRecord::InternalMetadata Load (0.1ms)[0m  [1m[34mSELECT "ar_internal_metadata".* FROM "ar_internal_metadata" WHERE "ar_internal_metadata"."key" = ? LIMIT ?[0m  [["key", "environment"], ["LIMIT", 1]]
  [1m[35m (0.0ms)[0m  [1m[34mSELECT sqlite_version(*)[0m
  [1m[36mActiveRecord::SchemaMigration Pluck (0.0ms)[0m  [1m[34mSELECT "schema_migrations"."version" FROM "schema_migrations" ORDER BY "schema_migrations"."version" ASC[0m
Started GET "/articles/" for ::1 at 2022-08-26 12:01:57 +0100
  [1m[35m (0.2ms)[0m  [1m[34mSELECT sqlite_version(*)[0m
  [1m[36mActiveRecord::SchemaMigration Pluck (0.0ms)[0m  [1m[34mSELECT "schema_migrations"."version" FROM "schema_migrations" ORDER BY "schema_migrations"."version" ASC[0m
Processing by ArticlesController#index as HTML
  Rendering layout layouts/application.html.erb
  Rendering articles/index.html.erb within layouts/application
  [1m[36mArticle Load (0.1ms)[0m  [1m[34mSELECT "articles".* FROM "articles"[0m
  ↳ app/views/articles/index.html.erb:4
  Rendered articles/index.html.erb within layouts/application (Duration: 3.4ms | Allocations: 5502)
  Rendered layout layouts/application.html.erb (Duration: 50.7ms | Allocations: 41264)
Completed 200 OK in 60ms (Views: 52.2ms | ActiveRecord: 0.3ms | Allocations: 49416)


Started GET "/articles/1" for ::1 at 2022-08-26 12:01:59 +0100
Processing by ArticlesController#show as HTML
  Parameters: {"id"=>"1"}
  [1m[36mArticle Load (0.7ms)[0m  [1m[34mSELECT "articles".* FROM "articles" WHERE "articles"."id" = ? LIMIT ?[0m  [["id", 1], ["LIMIT", 1]]
  ↳ app/controllers/articles_controller.rb:7:in `show'
  Rendering layout layouts/application.html.erb
  Rendering articles/show.html.erb within layouts/application
  Rendered articles/show.html.erb within layouts/application (Duration: 32.5ms | Allocations: 17682)
  Rendered layout layouts/application.html.erb (Duration: 34.6ms | Allocations: 19893)
Completed 200 OK in 44ms (Views: 35.2ms | ActiveRecord: 1.0ms | Allocations: 22621)


Started GET "/articles/1" for ::1 at 2022-08-26 12:11:58 +0100
Processing by ArticlesController#show as HTML
  Parameters: {"id"=>"1"}
  [1m[35m (0.1ms)[0m  [1m[34mSELECT sqlite_version(*)[0m
  ↳ app/controllers/articles_controller.rb:7:in `show'
  [1m[36mArticle Load (0.1ms)[0m  [1m[34mSELECT "articles".* FROM "articles" WHERE "articles"."id" = ? LIMIT ?[0m  [["id", 1], ["LIMIT", 1]]
  ↳ app/controllers/articles_controller.rb:7:in `show'
  Rendering layout layouts/application.html.erb
  Rendering articles/show.html.erb within layouts/application
  [1m[36mComment Load (0.2ms)[0m  [1m[34mSELECT "comments".* FROM "comments" WHERE "comments"."article_id" = ?[0m  [["article_id", 1]]
  ↳ app/views/articles/show.html.erb:15
  Rendered articles/show.html.erb within layouts/application (Duration: 6.5ms | Allocations: 6575)
  Rendered layout layouts/application.html.erb (Duration: 12.8ms | Allocations: 20695)
Completed 200 OK in 20ms (Views: 13.8ms | ActiveRecord: 0.7ms | Allocations: 25802)


Started POST "/articles/1/comments" for ::1 at 2022-08-26 12:12:03 +0100
Processing by CommentsController#create as TURBO_STREAM
  Parameters: {"authenticity_token"=>"[FILTERED]", "comment"=>{"commenter"=>"test", "body"=>"woop woop"}, "commit"=>"Create Comment", "article_id"=>"1"}
  [1m[36mArticle Load (0.2ms)[0m  [1m[34mSELECT "articles".* FROM "articles" WHERE "articles"."id" = ? LIMIT ?[0m  [["id", 1], ["LIMIT", 1]]
  ↳ app/controllers/comments_controller.rb:3:in `create'
  [1m[36mTRANSACTION (0.1ms)[0m  [1m[36mbegin transaction[0m
  ↳ app/controllers/comments_controller.rb:4:in `create'
  [1m[36mComment Create (0.8ms)[0m  [1m[32mINSERT INTO "comments" ("commenter", "body", "article_id", "created_at", "updated_at") VALUES (?, ?, ?, ?, ?)[0m  [["commenter", "test"], ["body", "woop woop"], ["article_id", 1], ["created_at", "2022-08-26 11:12:03.453818"], ["updated_at", "2022-08-26 11:12:03.453818"]]
  ↳ app/controllers/comments_controller.rb:4:in `create'
  [1m[36mTRANSACTION (0.8ms)[0m  [1m[36mcommit transaction[0m
  ↳ app/controllers/comments_controller.rb:4:in `create'
Redirected to http://localhost:3000/articles/1
Completed 302 Found in 10ms (ActiveRecord: 1.9ms | Allocations: 4050)


Started GET "/articles/1" for ::1 at 2022-08-26 12:12:03 +0100
Processing by ArticlesController#show as TURBO_STREAM
  Parameters: {"id"=>"1"}
  [1m[36mArticle Load (0.2ms)[0m  [1m[34mSELECT "articles".* FROM "articles" WHERE "articles"."id" = ? LIMIT ?[0m  [["id", 1], ["LIMIT", 1]]
  ↳ app/controllers/articles_controller.rb:7:in `show'
  Rendering layout layouts/application.html.erb
  Rendering articles/show.html.erb within layouts/application
  [1m[36mComment Load (0.1ms)[0m  [1m[34mSELECT "comments".* FROM "comments" WHERE "comments"."article_id" = ?[0m  [["article_id", 1]]
  ↳ app/views/articles/show.html.erb:15
  Rendered articles/show.html.erb within layouts/application (Duration: 3.8ms | Allocations: 1845)
  Rendered layout layouts/application.html.erb (Duration: 6.5ms | Allocations: 4056)
Completed 200 OK in 9ms (Views: 6.9ms | ActiveRecord: 0.3ms | Allocations: 4880)


